<?xml version="1.0" encoding="UTF-8"?>
<!-- Generated by org.testng.reporters.JUnitReportReporter -->
<testsuite skipped="0" hostname="LAPTOP-M8MTTN54" name="repos.test1" tests="1" failures="0" timestamp="27 Sep 2017 13:21:45 GMT" time="0.027" errors="0">
  <testcase name="geturl" time="0.027" classname="repos.test1"/>
</testsuite> <!-- repos.test1 -->
