<?xml version="1.0" encoding="UTF-8"?>
<!-- Generated by org.testng.reporters.JUnitReportReporter -->
<testsuite skipped="0" hostname="LAPTOP-M8MTTN54" name="repos.testselchr" tests="1" failures="0" timestamp="27 Sep 2017 13:21:45 GMT" time="6.400" errors="0">
  <testcase name="testchrome" time="6.400" classname="repos.testselchr"/>
</testsuite> <!-- repos.testselchr -->
