<?xml version="1.0" encoding="UTF-8"?>
<!-- Generated by org.testng.reporters.JUnitReportReporter -->
<testsuite skipped="0" hostname="LAPTOP-M8MTTN54" name="iframedemo.demoiframe" tests="1" failures="0" timestamp="27 Nov 2018 11:30:17 GMT" time="100.549" errors="0">
  <testcase name="testframe" time="100.549" classname="iframedemo.demoiframe"/>
</testsuite> <!-- iframedemo.demoiframe -->
