<?xml version="1.0" encoding="UTF-8"?>
<!-- Generated by org.testng.reporters.JUnitReportReporter -->
<testsuite skipped="0" hostname="LAPTOP-M8MTTN54" name="iframedemo.demowait" tests="1" failures="0" timestamp="27 Sep 2017 13:21:45 GMT" time="10.734" errors="0">
  <testcase name="dwait" time="10.734" classname="iframedemo.demowait"/>
</testsuite> <!-- iframedemo.demowait -->
